  Building Custom Rule D:/Git Projects/HysteriaDMG/RagdollApp/vendor/bullet3/examples/ExampleBrowser/CMakeLists.txt
  main.cpp
  ExampleEntries.cpp
  Chain.cpp
  Bridge.cpp
  RigidBodyFromObj.cpp
  SimpleBox.cpp
  MultipleBoxes.cpp
  CompoundBoxes.cpp
  SimpleCloth.cpp
  SimpleJoint.cpp
  NewtonsCradle.cpp
  InclinedPlane.cpp
  MultiPendulum.cpp
  FixJointBoxes.cpp
  BoxStack.cpp
  JointLimit.cpp
  geometry.cpp
  model.cpp
  tgaimage.cpp
  our_gl.cpp
  Generating Code...
  Compiling...
  TinyRenderer.cpp
  collisionFilterPlugin.cpp
  pdControlPlugin.cpp
  tinyRendererPlugin.cpp
  TinyRendererVisualShapeConverter.cpp
  IKTrajectoryHelper.cpp
  PhysicsServer.cpp
  PhysicsClientSharedMemory.cpp
  PhysicsClientSharedMemory_C_API.cpp
  PhysicsClient.cpp
  PhysicsClientC_API.cpp
  GraphicsServerExample.cpp
  GraphicsClientExample.cpp
  RemoteGUIHelper.cpp
  PhysicsServerExample.cpp
  PhysicsServerExampleBullet2.cpp
  PhysicsClientExample.cpp
  PosixSharedMemory.cpp
  Win32SharedMemory.cpp
  InProcessMemory.cpp
  Generating Code...
  Compiling...
  PhysicsServerSharedMemory.cpp
  PhysicsDirect.cpp
  PhysicsDirectC_API.cpp
  SharedMemoryInProcessPhysicsC_API.cpp
  PhysicsLoopBack.cpp
  PhysicsLoopBackC_API.cpp
  PhysicsServerCommandProcessor.cpp
  b3PluginManager.cpp
  b3RobotSimulatorClientAPI_NoGUI.cpp
  b3RobotSimulatorClientAPI_NoDirect.cpp
  b3RobotSimulatorClientAPI.cpp
  BasicExample.cpp
  InverseDynamicsExample.cpp
D:\Git Projects\HysteriaDMG\RagdollApp\vendor\bullet3\examples\InverseDynamics\InverseDynamicsExample.cpp(227,18): warning C4477: 'sprintf' : format string '%lu' requires an argument of type 'unsigned long', but variadic argument 1 has type 'size_t'
D:\Git Projects\HysteriaDMG\RagdollApp\vendor\bullet3\examples\InverseDynamics\InverseDynamicsExample.cpp(227,18): message : consider using '%zu' in the format string
D:\Git Projects\HysteriaDMG\RagdollApp\vendor\bullet3\examples\InverseDynamics\InverseDynamicsExample.cpp(233,18): warning C4477: 'sprintf' : format string '%lu' requires an argument of type 'unsigned long', but variadic argument 1 has type 'size_t'
D:\Git Projects\HysteriaDMG\RagdollApp\vendor\bullet3\examples\InverseDynamics\InverseDynamicsExample.cpp(233,18): message : consider using '%zu' in the format string
  InverseKinematicsExample.cpp
  ForkLiftDemo.cpp
  MultiThreadedDemo.cpp
  CommonRigidBodyMTBase.cpp
  HeightfieldExample.cpp
  Tutorial.cpp
  Dof6ConstraintTutorial.cpp
  Generating Code...
  Compiling...
  NN3DWalkers.cpp
D:\Git Projects\HysteriaDMG\RagdollApp\vendor\bullet3\examples\Evolution\NN3DWalkersTimeWarpBase.h(832,24): warning C4018: '>': signed/unsigned mismatch
D:\Git Projects\HysteriaDMG\RagdollApp\vendor\bullet3\examples\Evolution\NN3DWalkersTimeWarpBase.h(853,18): warning C4018: '>': signed/unsigned mismatch
  NewtonsRopeCradle.cpp
  CollisionSdkC_Api.cpp
  CollisionTutorialBullet2.cpp
  Bullet2CollisionSdk.cpp
  RealTimeBullet3CollisionSdk.cpp
  GyroscopicSetup.cpp
  Planar2D.cpp
  RollingFrictionDemo.cpp
  FractureDemo.cpp
  btFractureBody.cpp
  btFractureDynamicsWorld.cpp
  MotorDemo.cpp
  MultiThreadingExample.cpp
  b3PosixThreadSupport.cpp
  b3Win32ThreadSupport.cpp
  b3ThreadSupportInterface.cpp
  TinyRendererSetup.cpp
  TimeSeriesCanvas.cpp
  TimeSeriesFontData.cpp
  Generating Code...
  Compiling...
  DynamicTexturedCubeDemo.cpp
  TinyVRGui.cpp
  GripperGraspExample.cpp
  R2D2GraspExample.cpp
  KukaGraspExample.cpp
  CoordinateSystemDemo.cpp
  RaytracerSetup.cpp
  RenderInstancingDemo.cpp
  TimeSeriesExample.cpp
  BenchmarkDemo.cpp
  RaytestDemo.cpp
  SerializeSetup.cpp
  b3ImportMeshUtility.cpp
  btWorldImporter.cpp
  btMultiBodyWorldImporter.cpp
  btBulletWorldImporter.cpp
  bChunk.cpp
  bFile.cpp
  bDNA.cpp
  btBulletFile.cpp
  Generating Code...
  Compiling...
  BulletMJCFImporter.cpp
D:\Git Projects\HysteriaDMG\RagdollApp\vendor\bullet3\examples\Importers\ImportMJCFDemo\BulletMJCFImporter.cpp(1450,54): warning C4804: '>': unsafe use of type 'bool' in operation
  ImportMJCFSetup.cpp
  BspConverter.cpp
  BspLoader.cpp
  ImportBspExample.cpp
  ImportColladaSetup.cpp
  LoadMeshFromCollada.cpp
  ImportObjExample.cpp
  LoadMeshFromObj.cpp
  Wavefront2GLInstanceGraphicsShape.cpp
  ImportSTLSetup.cpp
  ImportSDFSetup.cpp
  ImportURDFSetup.cpp
  URDF2Bullet.cpp
  MyMultiBodyCreator.cpp
  UrdfParser.cpp
  RobotLoggingUtil.cpp
  urdfStringSplit.cpp
  BulletUrdfImporter.cpp
  VoronoiFractureDemo.cpp
  Generating Code...
  Compiling...
  btConvexConvexMprAlgorithm.cpp
  Hinge2Vehicle.cpp
  Pendulum.cpp
  MultiBodySoftContact.cpp
  TestJointTorqueSetup.cpp
  InvertedPendulumPDControl.cpp
  MultiBodyConstraintFeedback.cpp
  KinematicMultiBodyExample.cpp
  SoftDemo.cpp
  DeformableContact.cpp
  GraspDeformable.cpp
  Pinch.cpp
  DeformableSelfCollision.cpp
  PinchFriction.cpp
  ClothFriction.cpp
  DeformableMultibody.cpp
  DeformableRigid.cpp
  SplitImpulse.cpp
  VolumetricDeformable.cpp
  Collide.cpp
  Generating Code...
  Compiling...
  LargeDeformation.cpp
  LoadDeformed.cpp
  DeformableClothAnchor.cpp
  MultibodyClothAnchor.cpp
  MultiDofDemo.cpp
  RigidBodySoftContact.cpp
  KinematicRigidBodyExample.cpp
  ConservationTest.cpp
  Springboard.cpp
  ModeVisualizer.cpp
  FreeFall.cpp
  FrictionSlope.cpp
  ReducedCollide.cpp
  ReducedGrasp.cpp
  ReducedBenchmark.cpp
  ReducedMotorGrasp.cpp
  TestHingeTorque.cpp
  ConstraintDemo.cpp
  Dof6Spring2Setup.cpp
  ConstraintPhysicsSetup.cpp
  Generating Code...
  Compiling...
  stb_image.cpp
D:\Git Projects\HysteriaDMG\RagdollApp\vendor\bullet3\examples\ThirdPartyLibs\stb_image\stb_image.cpp(220,9): warning C4312: 'type cast': conversion from 'int' to 'unsigned char *' of greater size
D:\Git Projects\HysteriaDMG\RagdollApp\vendor\bullet3\examples\ThirdPartyLibs\stb_image\stb_image.cpp(228,17): warning C4312: 'type cast': conversion from 'int' to 'unsigned char *' of greater size
D:\Git Projects\HysteriaDMG\RagdollApp\vendor\bullet3\examples\ThirdPartyLibs\stb_image\stb_image.cpp(268,9): warning C4312: 'type cast': conversion from 'int' to 'float *' of greater size
D:\Git Projects\HysteriaDMG\RagdollApp\vendor\bullet3\examples\ThirdPartyLibs\stb_image\stb_image.cpp(290,17): warning C4312: 'type cast': conversion from 'int' to 'float *' of greater size
D:\Git Projects\HysteriaDMG\RagdollApp\vendor\bullet3\examples\ThirdPartyLibs\stb_image\stb_image.cpp(524,10): warning C4312: 'type cast': conversion from 'int' to 'unsigned char *' of greater size
D:\Git Projects\HysteriaDMG\RagdollApp\vendor\bullet3\examples\ThirdPartyLibs\stb_image\stb_image.cpp(601,10): warning C4312: 'type cast': conversion from 'int' to 'float *' of greater size
D:\Git Projects\HysteriaDMG\RagdollApp\vendor\bullet3\examples\ThirdPartyLibs\stb_image\stb_image.cpp(628,10): warning C4312: 'type cast': conversion from 'int' to 'unsigned char *' of greater size
D:\Git Projects\HysteriaDMG\RagdollApp\vendor\bullet3\examples\ThirdPartyLibs\stb_image\stb_image.cpp(1643,43): warning C4312: 'type cast': conversion from 'int' to 'unsigned char *' of greater size
D:\Git Projects\HysteriaDMG\RagdollApp\vendor\bullet3\examples\ThirdPartyLibs\stb_image\stb_image.cpp(1680,12): warning C4312: 'type cast': conversion from 'int' to 'unsigned char *' of greater size
D:\Git Projects\HysteriaDMG\RagdollApp\vendor\bullet3\examples\ThirdPartyLibs\stb_image\stb_image.cpp(1707,11): warning C4312: 'type cast': conversion from 'int' to 'unsigned char *' of greater size
D:\Git Projects\HysteriaDMG\RagdollApp\vendor\bullet3\examples\ThirdPartyLibs\stb_image\stb_image.cpp(2851,43): warning C4312: 'type cast': conversion from 'int' to 'unsigned char *' of greater size
D:\Git Projects\HysteriaDMG\RagdollApp\vendor\bullet3\examples\ThirdPartyLibs\stb_image\stb_image.cpp(2984,47): warning C4312: 'type cast': conversion from 'int' to 'unsigned char *' of greater size
D:\Git Projects\HysteriaDMG\RagdollApp\vendor\bullet3\examples\ThirdPartyLibs\stb_image\stb_image.cpp(2990,64): warning C4312: 'type cast': conversion from 'int' to 'unsigned char *' of greater size
D:\Git Projects\HysteriaDMG\RagdollApp\vendor\bullet3\examples\ThirdPartyLibs\stb_image\stb_image.cpp(3001,30): warning C4312: 'type cast': conversion from 'int' to 'unsigned char *' of greater size
D:\Git Projects\HysteriaDMG\RagdollApp\vendor\bullet3\examples\ThirdPartyLibs\stb_image\stb_image.cpp(3003,23): warning C4312: 'type cast': conversion from 'int' to 'unsigned char *' of greater size
D:\Git Projects\HysteriaDMG\RagdollApp\vendor\bullet3\examples\ThirdPartyLibs\stb_image\stb_image.cpp(3014,46): warning C4312: 'type cast': conversion from 'int' to 'unsigned char *' of greater size
D:\Git Projects\HysteriaDMG\RagdollApp\vendor\bullet3\examples\ThirdPartyLibs\stb_image\stb_image.cpp(3058,14): warning C4312: 'type cast': conversion from 'int' to 'unsigned char *' of greater size
D:\Git Projects\HysteriaDMG\RagdollApp\vendor\bullet3\examples\ThirdPartyLibs\stb_image\stb_image.cpp(3062,13): warning C4312: 'type cast': conversion from 'int' to 'unsigned char *' of greater size
D:\Git Projects\HysteriaDMG\RagdollApp\vendor\bullet3\examples\ThirdPartyLibs\stb_image\stb_image.cpp(3085,19): warning C4312: 'type cast': conversion from 'int' to 'unsigned char *' of greater size
D:\Git Projects\HysteriaDMG\RagdollApp\vendor\bullet3\examples\ThirdPartyLibs\stb_image\stb_image.cpp(3092,11): warning C4312: 'type cast': conversion from 'int' to 'unsigned char *' of greater size
D:\Git Projects\HysteriaDMG\RagdollApp\vendor\bullet3\examples\ThirdPartyLibs\stb_image\stb_image.cpp(3110,11): warning C4312: 'type cast': conversion from 'int' to 'unsigned char *' of greater size
D:\Git Projects\HysteriaDMG\RagdollApp\vendor\bullet3\examples\ThirdPartyLibs\stb_image\stb_image.cpp(3164,12): warning C4312: 'type cast': conversion from 'int' to 'unsigned char *' of greater size
D:\Git Projects\HysteriaDMG\RagdollApp\vendor\bullet3\examples\ThirdPartyLibs\stb_image\stb_image.cpp(3380,24): warning C4312: 'type cast': conversion from 'int' to 'unsigned char *' of greater size
D:\Git Projects\HysteriaDMG\RagdollApp\vendor\bullet3\examples\ThirdPartyLibs\stb_image\stb_image.cpp(3391,28): warning C4312: 'type cast': conversion from 'int' to 'unsigned char *' of greater size
D:\Git Projects\HysteriaDMG\RagdollApp\vendor\bullet3\examples\ThirdPartyLibs\stb_image\stb_image.cpp(3396,11): warning C4312: 'type cast': conversion from 'int' to 'unsigned char *' of greater size
D:\Git Projects\HysteriaDMG\RagdollApp\vendor\bullet3\examples\ThirdPartyLibs\stb_image\stb_image.cpp(3577,10): warning C4312: 'type cast': conversion from 'int' to 'unsigned char *' of greater size
D:\Git Projects\HysteriaDMG\RagdollApp\vendor\bullet3\examples\ThirdPartyLibs\stb_image\stb_image.cpp(3581,10): warning C4312: 'type cast': conversion from 'int' to 'unsigned char *' of greater size
D:\Git Projects\HysteriaDMG\RagdollApp\vendor\bullet3\examples\ThirdPartyLibs\stb_image\stb_image.cpp(3589,10): warning C4312: 'type cast': conversion from 'int' to 'unsigned char *' of greater size
D:\Git Projects\HysteriaDMG\RagdollApp\vendor\bullet3\examples\ThirdPartyLibs\stb_image\stb_image.cpp(3597,10): warning C4312: 'type cast': conversion from 'int' to 'unsigned char *' of greater size
D:\Git Projects\HysteriaDMG\RagdollApp\vendor\bullet3\examples\ThirdPartyLibs\stb_image\stb_image.cpp(3610,10): warning C4312: 'type cast': conversion from 'int' to 'unsigned char *' of greater size
D:\Git Projects\HysteriaDMG\RagdollApp\vendor\bullet3\examples\ThirdPartyLibs\stb_image\stb_image.cpp(3627,10): warning C4312: 'type cast': conversion from 'int' to 'unsigned char *' of greater size
D:\Git Projects\HysteriaDMG\RagdollApp\vendor\bullet3\examples\ThirdPartyLibs\stb_image\stb_image.cpp(3631,19): warning C4312: 'type cast': conversion from 'int' to 'unsigned char *' of greater size
D:\Git Projects\HysteriaDMG\RagdollApp\vendor\bullet3\examples\ThirdPartyLibs\stb_image\stb_image.cpp(3795,26): warning C4312: 'type cast': conversion from 'int' to 'unsigned char *' of greater size
D:\Git Projects\HysteriaDMG\RagdollApp\vendor\bullet3\examples\ThirdPartyLibs\stb_image\stb_image.cpp(3824,11): warning C4312: 'type cast': conversion from 'int' to 'unsigned char *' of greater size
D:\Git Projects\HysteriaDMG\RagdollApp\vendor\bullet3\examples\ThirdPartyLibs\stb_image\stb_image.cpp(3835,25): warning C4312: 'type cast': conversion from 'int' to 'unsigned char *' of greater size
D:\Git Projects\HysteriaDMG\RagdollApp\vendor\bullet3\examples\ThirdPartyLibs\stb_image\stb_image.cpp(3836,33): warning C4312: 'type cast': conversion from 'int' to 'unsigned char *' of greater size
D:\Git Projects\HysteriaDMG\RagdollApp\vendor\bullet3\examples\ThirdPartyLibs\stb_image\stb_image.cpp(3853,13): warning C4312: 'type cast': conversion from 'int' to 'unsigned char *' of greater size
D:\Git Projects\HysteriaDMG\RagdollApp\vendor\bullet3\examples\ThirdPartyLibs\stb_image\stb_image.cpp(3874,29): warning C4312: 'type cast': conversion from 'int' to 'unsigned char *' of greater size
D:\Git Projects\HysteriaDMG\RagdollApp\vendor\bullet3\examples\ThirdPartyLibs\stb_image\stb_image.cpp(3894,29): warning C4312: 'type cast': conversion from 'int' to 'unsigned char *' of greater size
D:\Git Projects\HysteriaDMG\RagdollApp\vendor\bullet3\examples\ThirdPartyLibs\stb_image\stb_image.cpp(3906,16): warning C4312: 'type cast': conversion from 'int' to 'unsigned char *' of greater size
D:\Git Projects\HysteriaDMG\RagdollApp\vendor\bullet3\examples\ThirdPartyLibs\stb_image\stb_image.cpp(3917,33): warning C4312: 'type cast': conversion from 'int' to 'unsigned char *' of greater size
D:\Git Projects\HysteriaDMG\RagdollApp\vendor\bullet3\examples\ThirdPartyLibs\stb_image\stb_image.cpp(3944,24): warning C4312: 'type cast': conversion from 'int' to 'unsigned char *' of greater size
D:\Git Projects\HysteriaDMG\RagdollApp\vendor\bullet3\examples\ThirdPartyLibs\stb_image\stb_image.cpp(3945,32): warning C4312: 'type cast': conversion from 'int' to 'unsigned char *' of greater size
D:\Git Projects\HysteriaDMG\RagdollApp\vendor\bullet3\examples\ThirdPartyLibs\stb_image\stb_image.cpp(4177,23): warning C4312: 'type cast': conversion from 'int' to 'unsigned char *' of greater size
D:\Git Projects\HysteriaDMG\RagdollApp\vendor\bullet3\examples\ThirdPartyLibs\stb_image\stb_image.cpp(4182,31): warning C4312: 'type cast': conversion from 'int' to 'unsigned char *' of greater size
D:\Git Projects\HysteriaDMG\RagdollApp\vendor\bullet3\examples\ThirdPartyLibs\stb_image\stb_image.cpp(4188,13): warning C4312: 'type cast': conversion from 'int' to 'unsigned char *' of greater size
D:\Git Projects\HysteriaDMG\RagdollApp\vendor\bullet3\examples\ThirdPartyLibs\stb_image\stb_image.cpp(4202,12): warning C4312: 'type cast': conversion from 'int' to 'unsigned char *' of greater size
D:\Git Projects\HysteriaDMG\RagdollApp\vendor\bullet3\examples\ThirdPartyLibs\stb_image\stb_image.cpp(4233,27): warning C4312: 'type cast': conversion from 'int' to 'unsigned char *' of greater size
D:\Git Projects\HysteriaDMG\RagdollApp\vendor\bullet3\examples\ThirdPartyLibs\stb_image\stb_image.cpp(4243,28): warning C4312: 'type cast': conversion from 'int' to 'unsigned char *' of greater size
D:\Git Projects\HysteriaDMG\RagdollApp\vendor\bullet3\examples\ThirdPartyLibs\stb_image\stb_image.cpp(4262,13): warning C4312: 'type cast': conversion from 'int' to 'unsigned char *' of greater size
D:\Git Projects\HysteriaDMG\RagdollApp\vendor\bullet3\examples\ThirdPartyLibs\stb_image\stb_image.cpp(4299,13): warning C4312: 'type cast': conversion from 'int' to 'unsigned char *' of greater size
D:\Git Projects\HysteriaDMG\RagdollApp\vendor\bullet3\examples\ThirdPartyLibs\stb_image\stb_image.cpp(4336,12): warning C4312: 'type cast': conversion from 'int' to 'unsigned char *' of greater size
D:\Git Projects\HysteriaDMG\RagdollApp\vendor\bullet3\examples\ThirdPartyLibs\stb_image\stb_image.cpp(4458,10): warning C4312: 'type cast': conversion from 'int' to 'float *' of greater size
D:\Git Projects\HysteriaDMG\RagdollApp\vendor\bullet3\examples\ThirdPartyLibs\stb_image\stb_image.cpp(4468,21): warning C4312: 'type cast': conversion from 'int' to 'float *' of greater size
D:\Git Projects\HysteriaDMG\RagdollApp\vendor\bullet3\examples\ThirdPartyLibs\stb_image\stb_image.cpp(4473,39): warning C4312: 'type cast': conversion from 'int' to 'float *' of greater size
D:\Git Projects\HysteriaDMG\RagdollApp\vendor\bullet3\examples\ThirdPartyLibs\stb_image\stb_image.cpp(4477,39): warning C4312: 'type cast': conversion from 'int' to 'float *' of greater size
D:\Git Projects\HysteriaDMG\RagdollApp\vendor\bullet3\examples\ThirdPartyLibs\stb_image\stb_image.cpp(4537,12): warning C4312: 'type cast': conversion from 'int' to 'float *' of greater size
  stb_image_write.cpp
  tiny_obj_loader.cpp
  tinyxml2.cpp
  InProcessExampleBrowser.cpp
  Generating Code...
     Creating library D:/Git Projects/HysteriaDMG/RagdollApp/vendor/bullet3/build3/examples/ExampleBrowser/Release/App_ExampleBrowser.lib and object D:/Git Projects/HysteriaDMG/RagdollApp/vendor/bullet3/build3/examples/ExampleBrowser/Release/App_ExampleBrowser.exp
  App_ExampleBrowser.vcxproj -> D:\Git Projects\HysteriaDMG\RagdollApp\vendor\bullet3\build3\examples\ExampleBrowser\Release\App_ExampleBrowser.exe
