  Building Custom Rule D:/Git Projects/HysteriaDMG/RagdollApp/vendor/bullet3/examples/SharedMemory/CMakeLists.txt
  collisionFilterPlugin.cpp
  pdControlPlugin.cpp
  b3RobotSimulatorClientAPI_NoDirect.cpp
  IKTrajectoryHelper.cpp
  PhysicsClient.cpp
  PhysicsClientSharedMemory.cpp
  PhysicsClientExample.cpp
  PhysicsServerExample.cpp
  PhysicsServerExampleBullet2.cpp
  PhysicsServerSharedMemory.cpp
  PhysicsServer.cpp
  PhysicsClientC_API.cpp
  GraphicsClientExample.cpp
  GraphicsServerExample.cpp
  PosixSharedMemory.cpp
  Win32SharedMemory.cpp
  InProcessMemory.cpp
  PhysicsDirect.cpp
  PhysicsDirectC_API.cpp
  PhysicsLoopBack.cpp
  Generating Code...
  Compiling...
  PhysicsLoopBackC_API.cpp
  PhysicsClientSharedMemory_C_API.cpp
  PhysicsClientSharedMemory2_C_API.cpp
  PhysicsClientSharedMemory2.cpp
  SharedMemoryCommandProcessor.cpp
  PhysicsServerCommandProcessor.cpp
  tinyRendererPlugin.cpp
  TinyRendererVisualShapeConverter.cpp
  b3PluginManager.cpp
  geometry.cpp
  model.cpp
  tgaimage.cpp
  our_gl.cpp
  TinyRenderer.cpp
  SimpleCamera.cpp
  MyMultiBodyCreator.cpp
  BulletUrdfImporter.cpp
  UrdfParser.cpp
  urdfStringSplit.cpp
  URDF2Bullet.cpp
  Generating Code...
  Compiling...
  BulletMJCFImporter.cpp
D:\Git Projects\HysteriaDMG\RagdollApp\vendor\bullet3\examples\Importers\ImportMJCFDemo\BulletMJCFImporter.cpp(1450,54): warning C4804: '>': unsafe use of type 'bool' in operation
  b3ResourcePath.cpp
  b3Clock.cpp
  RobotLoggingUtil.cpp
  ChromeTraceUtil.cpp
  Wavefront2GLInstanceGraphicsShape.cpp
  LoadMeshFromObj.cpp
  LoadMeshFromCollada.cpp
  tiny_obj_loader.cpp
  tinyxml2.cpp
  b3ImportMeshUtility.cpp
  stb_image.cpp
D:\Git Projects\HysteriaDMG\RagdollApp\vendor\bullet3\examples\ThirdPartyLibs\stb_image\stb_image.cpp(220,9): warning C4312: 'type cast': conversion from 'int' to 'unsigned char *' of greater size
D:\Git Projects\HysteriaDMG\RagdollApp\vendor\bullet3\examples\ThirdPartyLibs\stb_image\stb_image.cpp(228,17): warning C4312: 'type cast': conversion from 'int' to 'unsigned char *' of greater size
D:\Git Projects\HysteriaDMG\RagdollApp\vendor\bullet3\examples\ThirdPartyLibs\stb_image\stb_image.cpp(268,9): warning C4312: 'type cast': conversion from 'int' to 'float *' of greater size
D:\Git Projects\HysteriaDMG\RagdollApp\vendor\bullet3\examples\ThirdPartyLibs\stb_image\stb_image.cpp(290,17): warning C4312: 'type cast': conversion from 'int' to 'float *' of greater size
D:\Git Projects\HysteriaDMG\RagdollApp\vendor\bullet3\examples\ThirdPartyLibs\stb_image\stb_image.cpp(524,10): warning C4312: 'type cast': conversion from 'int' to 'unsigned char *' of greater size
D:\Git Projects\HysteriaDMG\RagdollApp\vendor\bullet3\examples\ThirdPartyLibs\stb_image\stb_image.cpp(601,10): warning C4312: 'type cast': conversion from 'int' to 'float *' of greater size
D:\Git Projects\HysteriaDMG\RagdollApp\vendor\bullet3\examples\ThirdPartyLibs\stb_image\stb_image.cpp(628,10): warning C4312: 'type cast': conversion from 'int' to 'unsigned char *' of greater size
D:\Git Projects\HysteriaDMG\RagdollApp\vendor\bullet3\examples\ThirdPartyLibs\stb_image\stb_image.cpp(1643,43): warning C4312: 'type cast': conversion from 'int' to 'unsigned char *' of greater size
D:\Git Projects\HysteriaDMG\RagdollApp\vendor\bullet3\examples\ThirdPartyLibs\stb_image\stb_image.cpp(1680,12): warning C4312: 'type cast': conversion from 'int' to 'unsigned char *' of greater size
D:\Git Projects\HysteriaDMG\RagdollApp\vendor\bullet3\examples\ThirdPartyLibs\stb_image\stb_image.cpp(1707,11): warning C4312: 'type cast': conversion from 'int' to 'unsigned char *' of greater size
D:\Git Projects\HysteriaDMG\RagdollApp\vendor\bullet3\examples\ThirdPartyLibs\stb_image\stb_image.cpp(2851,43): warning C4312: 'type cast': conversion from 'int' to 'unsigned char *' of greater size
D:\Git Projects\HysteriaDMG\RagdollApp\vendor\bullet3\examples\ThirdPartyLibs\stb_image\stb_image.cpp(2984,47): warning C4312: 'type cast': conversion from 'int' to 'unsigned char *' of greater size
D:\Git Projects\HysteriaDMG\RagdollApp\vendor\bullet3\examples\ThirdPartyLibs\stb_image\stb_image.cpp(2990,64): warning C4312: 'type cast': conversion from 'int' to 'unsigned char *' of greater size
D:\Git Projects\HysteriaDMG\RagdollApp\vendor\bullet3\examples\ThirdPartyLibs\stb_image\stb_image.cpp(3001,30): warning C4312: 'type cast': conversion from 'int' to 'unsigned char *' of greater size
D:\Git Projects\HysteriaDMG\RagdollApp\vendor\bullet3\examples\ThirdPartyLibs\stb_image\stb_image.cpp(3003,23): warning C4312: 'type cast': conversion from 'int' to 'unsigned char *' of greater size
D:\Git Projects\HysteriaDMG\RagdollApp\vendor\bullet3\examples\ThirdPartyLibs\stb_image\stb_image.cpp(3014,46): warning C4312: 'type cast': conversion from 'int' to 'unsigned char *' of greater size
D:\Git Projects\HysteriaDMG\RagdollApp\vendor\bullet3\examples\ThirdPartyLibs\stb_image\stb_image.cpp(3058,14): warning C4312: 'type cast': conversion from 'int' to 'unsigned char *' of greater size
D:\Git Projects\HysteriaDMG\RagdollApp\vendor\bullet3\examples\ThirdPartyLibs\stb_image\stb_image.cpp(3062,13): warning C4312: 'type cast': conversion from 'int' to 'unsigned char *' of greater size
D:\Git Projects\HysteriaDMG\RagdollApp\vendor\bullet3\examples\ThirdPartyLibs\stb_image\stb_image.cpp(3085,19): warning C4312: 'type cast': conversion from 'int' to 'unsigned char *' of greater size
D:\Git Projects\HysteriaDMG\RagdollApp\vendor\bullet3\examples\ThirdPartyLibs\stb_image\stb_image.cpp(3092,11): warning C4312: 'type cast': conversion from 'int' to 'unsigned char *' of greater size
D:\Git Projects\HysteriaDMG\RagdollApp\vendor\bullet3\examples\ThirdPartyLibs\stb_image\stb_image.cpp(3110,11): warning C4312: 'type cast': conversion from 'int' to 'unsigned char *' of greater size
D:\Git Projects\HysteriaDMG\RagdollApp\vendor\bullet3\examples\ThirdPartyLibs\stb_image\stb_image.cpp(3164,12): warning C4312: 'type cast': conversion from 'int' to 'unsigned char *' of greater size
D:\Git Projects\HysteriaDMG\RagdollApp\vendor\bullet3\examples\ThirdPartyLibs\stb_image\stb_image.cpp(3380,24): warning C4312: 'type cast': conversion from 'int' to 'unsigned char *' of greater size
D:\Git Projects\HysteriaDMG\RagdollApp\vendor\bullet3\examples\ThirdPartyLibs\stb_image\stb_image.cpp(3391,28): warning C4312: 'type cast': conversion from 'int' to 'unsigned char *' of greater size
D:\Git Projects\HysteriaDMG\RagdollApp\vendor\bullet3\examples\ThirdPartyLibs\stb_image\stb_image.cpp(3396,11): warning C4312: 'type cast': conversion from 'int' to 'unsigned char *' of greater size
D:\Git Projects\HysteriaDMG\RagdollApp\vendor\bullet3\examples\ThirdPartyLibs\stb_image\stb_image.cpp(3577,10): warning C4312: 'type cast': conversion from 'int' to 'unsigned char *' of greater size
D:\Git Projects\HysteriaDMG\RagdollApp\vendor\bullet3\examples\ThirdPartyLibs\stb_image\stb_image.cpp(3581,10): warning C4312: 'type cast': conversion from 'int' to 'unsigned char *' of greater size
D:\Git Projects\HysteriaDMG\RagdollApp\vendor\bullet3\examples\ThirdPartyLibs\stb_image\stb_image.cpp(3589,10): warning C4312: 'type cast': conversion from 'int' to 'unsigned char *' of greater size
D:\Git Projects\HysteriaDMG\RagdollApp\vendor\bullet3\examples\ThirdPartyLibs\stb_image\stb_image.cpp(3597,10): warning C4312: 'type cast': conversion from 'int' to 'unsigned char *' of greater size
D:\Git Projects\HysteriaDMG\RagdollApp\vendor\bullet3\examples\ThirdPartyLibs\stb_image\stb_image.cpp(3610,10): warning C4312: 'type cast': conversion from 'int' to 'unsigned char *' of greater size
D:\Git Projects\HysteriaDMG\RagdollApp\vendor\bullet3\examples\ThirdPartyLibs\stb_image\stb_image.cpp(3627,10): warning C4312: 'type cast': conversion from 'int' to 'unsigned char *' of greater size
D:\Git Projects\HysteriaDMG\RagdollApp\vendor\bullet3\examples\ThirdPartyLibs\stb_image\stb_image.cpp(3631,19): warning C4312: 'type cast': conversion from 'int' to 'unsigned char *' of greater size
D:\Git Projects\HysteriaDMG\RagdollApp\vendor\bullet3\examples\ThirdPartyLibs\stb_image\stb_image.cpp(3795,26): warning C4312: 'type cast': conversion from 'int' to 'unsigned char *' of greater size
D:\Git Projects\HysteriaDMG\RagdollApp\vendor\bullet3\examples\ThirdPartyLibs\stb_image\stb_image.cpp(3824,11): warning C4312: 'type cast': conversion from 'int' to 'unsigned char *' of greater size
D:\Git Projects\HysteriaDMG\RagdollApp\vendor\bullet3\examples\ThirdPartyLibs\stb_image\stb_image.cpp(3835,25): warning C4312: 'type cast': conversion from 'int' to 'unsigned char *' of greater size
D:\Git Projects\HysteriaDMG\RagdollApp\vendor\bullet3\examples\ThirdPartyLibs\stb_image\stb_image.cpp(3836,33): warning C4312: 'type cast': conversion from 'int' to 'unsigned char *' of greater size
D:\Git Projects\HysteriaDMG\RagdollApp\vendor\bullet3\examples\ThirdPartyLibs\stb_image\stb_image.cpp(3853,13): warning C4312: 'type cast': conversion from 'int' to 'unsigned char *' of greater size
D:\Git Projects\HysteriaDMG\RagdollApp\vendor\bullet3\examples\ThirdPartyLibs\stb_image\stb_image.cpp(3874,29): warning C4312: 'type cast': conversion from 'int' to 'unsigned char *' of greater size
D:\Git Projects\HysteriaDMG\RagdollApp\vendor\bullet3\examples\ThirdPartyLibs\stb_image\stb_image.cpp(3894,29): warning C4312: 'type cast': conversion from 'int' to 'unsigned char *' of greater size
D:\Git Projects\HysteriaDMG\RagdollApp\vendor\bullet3\examples\ThirdPartyLibs\stb_image\stb_image.cpp(3906,16): warning C4312: 'type cast': conversion from 'int' to 'unsigned char *' of greater size
D:\Git Projects\HysteriaDMG\RagdollApp\vendor\bullet3\examples\ThirdPartyLibs\stb_image\stb_image.cpp(3917,33): warning C4312: 'type cast': conversion from 'int' to 'unsigned char *' of greater size
D:\Git Projects\HysteriaDMG\RagdollApp\vendor\bullet3\examples\ThirdPartyLibs\stb_image\stb_image.cpp(3944,24): warning C4312: 'type cast': conversion from 'int' to 'unsigned char *' of greater size
D:\Git Projects\HysteriaDMG\RagdollApp\vendor\bullet3\examples\ThirdPartyLibs\stb_image\stb_image.cpp(3945,32): warning C4312: 'type cast': conversion from 'int' to 'unsigned char *' of greater size
D:\Git Projects\HysteriaDMG\RagdollApp\vendor\bullet3\examples\ThirdPartyLibs\stb_image\stb_image.cpp(4177,23): warning C4312: 'type cast': conversion from 'int' to 'unsigned char *' of greater size
D:\Git Projects\HysteriaDMG\RagdollApp\vendor\bullet3\examples\ThirdPartyLibs\stb_image\stb_image.cpp(4182,31): warning C4312: 'type cast': conversion from 'int' to 'unsigned char *' of greater size
D:\Git Projects\HysteriaDMG\RagdollApp\vendor\bullet3\examples\ThirdPartyLibs\stb_image\stb_image.cpp(4188,13): warning C4312: 'type cast': conversion from 'int' to 'unsigned char *' of greater size
D:\Git Projects\HysteriaDMG\RagdollApp\vendor\bullet3\examples\ThirdPartyLibs\stb_image\stb_image.cpp(4202,12): warning C4312: 'type cast': conversion from 'int' to 'unsigned char *' of greater size
D:\Git Projects\HysteriaDMG\RagdollApp\vendor\bullet3\examples\ThirdPartyLibs\stb_image\stb_image.cpp(4233,27): warning C4312: 'type cast': conversion from 'int' to 'unsigned char *' of greater size
D:\Git Projects\HysteriaDMG\RagdollApp\vendor\bullet3\examples\ThirdPartyLibs\stb_image\stb_image.cpp(4243,28): warning C4312: 'type cast': conversion from 'int' to 'unsigned char *' of greater size
D:\Git Projects\HysteriaDMG\RagdollApp\vendor\bullet3\examples\ThirdPartyLibs\stb_image\stb_image.cpp(4262,13): warning C4312: 'type cast': conversion from 'int' to 'unsigned char *' of greater size
D:\Git Projects\HysteriaDMG\RagdollApp\vendor\bullet3\examples\ThirdPartyLibs\stb_image\stb_image.cpp(4299,13): warning C4312: 'type cast': conversion from 'int' to 'unsigned char *' of greater size
D:\Git Projects\HysteriaDMG\RagdollApp\vendor\bullet3\examples\ThirdPartyLibs\stb_image\stb_image.cpp(4336,12): warning C4312: 'type cast': conversion from 'int' to 'unsigned char *' of greater size
D:\Git Projects\HysteriaDMG\RagdollApp\vendor\bullet3\examples\ThirdPartyLibs\stb_image\stb_image.cpp(4458,10): warning C4312: 'type cast': conversion from 'int' to 'float *' of greater size
D:\Git Projects\HysteriaDMG\RagdollApp\vendor\bullet3\examples\ThirdPartyLibs\stb_image\stb_image.cpp(4468,21): warning C4312: 'type cast': conversion from 'int' to 'float *' of greater size
D:\Git Projects\HysteriaDMG\RagdollApp\vendor\bullet3\examples\ThirdPartyLibs\stb_image\stb_image.cpp(4473,39): warning C4312: 'type cast': conversion from 'int' to 'float *' of greater size
D:\Git Projects\HysteriaDMG\RagdollApp\vendor\bullet3\examples\ThirdPartyLibs\stb_image\stb_image.cpp(4477,39): warning C4312: 'type cast': conversion from 'int' to 'float *' of greater size
D:\Git Projects\HysteriaDMG\RagdollApp\vendor\bullet3\examples\ThirdPartyLibs\stb_image\stb_image.cpp(4537,12): warning C4312: 'type cast': conversion from 'int' to 'float *' of greater size
  b3ThreadSupportInterface.cpp
  main.cpp
  b3Win32ThreadSupport.cpp
  Generating Code...
     Creating library D:/Git Projects/HysteriaDMG/RagdollApp/vendor/bullet3/build3/examples/SharedMemory/Release/App_PhysicsServer_SharedMemory.lib and object D:/Git Projects/HysteriaDMG/RagdollApp/vendor/bullet3/build3/examples/SharedMemory/Release/App_PhysicsServer_SharedMemory.exp
  App_PhysicsServer_SharedMemory.vcxproj -> D:\Git Projects\HysteriaDMG\RagdollApp\vendor\bullet3\build3\examples\SharedMemory\Release\App_PhysicsServer_SharedMemory.exe
